# JRE version: Java(TM) SE Runtime Environment (8.0_201-b09) (build 1.8.0_201-b09)
# Java VM: Java HotSpot(TM) 64-Bit Server VM (25.201-b09 mixed mode windows-amd64 compressed oops)
Heap:
 PSYoungGen      total 280576K, used 140449K [0x000000076c600000, 0x000000077f500000, 0x00000007c0000000)
  eden space 261120K, 46% used [0x000000076c600000,0x0000000773c2a938,0x000000077c500000)
  from space 19456K, 99% used [0x000000077db80000,0x000000077ee7dc40,0x000000077ee80000)
  to   space 23040K, 0% used [0x000000077c500000,0x000000077c500000,0x000000077db80000)
 ParOldGen       total 155648K, used 27429K [0x00000006c5200000, 0x00000006cea00000, 0x000000076c600000)
  object space 155648K, 17% used [0x00000006c5200000,0x00000006c6cc9500,0x00000006cea00000)
 Metaspace       used 54886K, capacity 58304K, committed 58496K, reserved 1099776K
  class space    used 7380K, capacity 8004K, committed 8064K, reserved 1048576K
GC Heap History (10 events):
Event: 2.828 GC heap before
{Heap before GC invocations=8 (full 1):
 PSYoungGen      total 154112K, used 57119K [0x000000076c600000, 0x0000000779080000, 0x00000007c0000000)
  eden space 143360K, 32% used [0x000000076c600000,0x000000076f34b550,0x0000000775200000)
  from space 10752K, 99% used [0x0000000775f80000,0x00000007769fc6f8,0x0000000776a00000)
  to   space 13824K, 0% used [0x0000000775200000,0x0000000775200000,0x0000000775f80000)
 ParOldGen       total 98816K, used 9081K [0x00000006c5200000, 0x00000006cb280000, 0x000000076c600000)
  object space 98816K, 9% used [0x00000006c5200000,0x00000006c5ade5b0,0x00000006cb280000)
 Metaspace       used 33968K, capacity 35414K, committed 35496K, reserved 1079296K
  class space    used 4514K, capacity 4819K, committed 4864K, reserved 1048576K
Event: 2.832 GC heap after
Heap after GC invocations=8 (full 1):
 PSYoungGen      total 157184K, used 11237K [0x000000076c600000, 0x000000077b180000, 0x00000007c0000000)
  eden space 143360K, 0% used [0x000000076c600000,0x000000076c600000,0x0000000775200000)
  from space 13824K, 81% used [0x0000000775200000,0x0000000775cf9438,0x0000000775f80000)
  to   space 14336K, 0% used [0x000000077a380000,0x000000077a380000,0x000000077b180000)
 ParOldGen       total 98816K, used 9089K [0x00000006c5200000, 0x00000006cb280000, 0x000000076c600000)
  object space 98816K, 9% used [0x00000006c5200000,0x00000006c5ae05b0,0x00000006cb280000)
 Metaspace       used 33968K, capacity 35414K, committed 35496K, reserved 1079296K
  class space    used 4514K, capacity 4819K, committed 4864K, reserved 1048576K
}
Event: 2.832 GC heap before
{Heap before GC invocations=9 (full 2):
 PSYoungGen      total 157184K, used 11237K [0x000000076c600000, 0x000000077b180000, 0x00000007c0000000)
  eden space 143360K, 0% used [0x000000076c600000,0x000000076c600000,0x0000000775200000)
  from space 13824K, 81% used [0x0000000775200000,0x0000000775cf9438,0x0000000775f80000)
  to   space 14336K, 0% used [0x000000077a380000,0x000000077a380000,0x000000077b180000)
 ParOldGen       total 98816K, used 9089K [0x00000006c5200000, 0x00000006cb280000, 0x000000076c600000)
  object space 98816K, 9% used [0x00000006c5200000,0x00000006c5ae05b0,0x00000006cb280000)
 Metaspace       used 33968K, capacity 35414K, committed 35496K, reserved 1079296K
  class space    used 4514K, capacity 4819K, committed 4864K, reserved 1048576K
Event: 2.857 GC heap after
Heap after GC invocations=9 (full 2):
 PSYoungGen      total 157184K, used 0K [0x000000076c600000, 0x000000077b180000, 0x00000007c0000000)
  eden space 143360K, 0% used [0x000000076c600000,0x000000076c600000,0x0000000775200000)
  from space 13824K, 0% used [0x0000000775200000,0x0000000775200000,0x0000000775f80000)
  to   space 14336K, 0% used [0x000000077a380000,0x000000077a380000,0x000000077b180000)
 ParOldGen       total 155648K, used 16611K [0x00000006c5200000, 0x00000006cea00000, 0x000000076c600000)
  object space 155648K, 10% used [0x00000006c5200000,0x00000006c6238c78,0x00000006cea00000)
 Metaspace       used 33968K, capacity 35414K, committed 35496K, reserved 1079296K
  class space    used 4514K, capacity 4819K, committed 4864K, reserved 1048576K
}
Event: 3.847 GC heap before
{Heap before GC invocations=10 (full 2):
 PSYoungGen      total 157184K, used 143360K [0x000000076c600000, 0x000000077b180000, 0x00000007c0000000)
  eden space 143360K, 100% used [0x000000076c600000,0x0000000775200000,0x0000000775200000)
  from space 13824K, 0% used [0x0000000775200000,0x0000000775200000,0x0000000775f80000)
  to   space 14336K, 0% used [0x000000077a380000,0x000000077a380000,0x000000077b180000)
 ParOldGen       total 155648K, used 16611K [0x00000006c5200000, 0x00000006cea00000, 0x000000076c600000)
  object space 155648K, 10% used [0x00000006c5200000,0x00000006c6238c78,0x00000006cea00000)
 Metaspace       used 39626K, capacity 41574K, committed 41856K, reserved 1085440K
  class space    used 5224K, capacity 5641K, committed 5760K, reserved 1048576K
Event: 3.851 GC heap after
Heap after GC invocations=10 (full 2):
 PSYoungGen      total 221696K, used 10832K [0x000000076c600000, 0x000000077af80000, 0x00000007c0000000)
  eden space 209408K, 0% used [0x000000076c600000,0x000000076c600000,0x0000000779280000)
  from space 12288K, 88% used [0x000000077a380000,0x000000077ae14090,0x000000077af80000)
  to   space 14848K, 0% used [0x0000000779280000,0x0000000779280000,0x000000077a100000)
 ParOldGen       total 155648K, used 16619K [0x00000006c5200000, 0x00000006cea00000, 0x000000076c600000)
  object space 155648K, 10% used [0x00000006c5200000,0x00000006c623ac78,0x00000006cea00000)
 Metaspace       used 39626K, capacity 41574K, committed 41856K, reserved 1085440K
  class space    used 5224K, capacity 5641K, committed 5760K, reserved 1048576K
}
Event: 4.864 GC heap before
{Heap before GC invocations=11 (full 2):
 PSYoungGen      total 221696K, used 220240K [0x000000076c600000, 0x000000077af80000, 0x00000007c0000000)
  eden space 209408K, 100% used [0x000000076c600000,0x0000000779280000,0x0000000779280000)
  from space 12288K, 88% used [0x000000077a380000,0x000000077ae14090,0x000000077af80000)
  to   space 14848K, 0% used [0x0000000779280000,0x0000000779280000,0x000000077a100000)
 ParOldGen       total 155648K, used 16619K [0x00000006c5200000, 0x00000006cea00000, 0x000000076c600000)
  object space 155648K, 10% used [0x00000006c5200000,0x00000006c623ac78,0x00000006cea00000)
 Metaspace       used 48364K, capacity 51004K, committed 51200K, reserved 1093632K
  class space    used 6358K, capacity 6883K, committed 6912K, reserved 1048576K
Event: 4.874 GC heap after
Heap after GC invocations=11 (full 2):
 PSYoungGen      total 224256K, used 14831K [0x000000076c600000, 0x000000077ee80000, 0x00000007c0000000)
  eden space 209408K, 0% used [0x000000076c600000,0x000000076c600000,0x0000000779280000)
  from space 14848K, 99% used [0x0000000779280000,0x000000077a0fbd90,0x000000077a100000)
  to   space 19456K, 0% used [0x000000077db80000,0x000000077db80000,0x000000077ee80000)
 ParOldGen       total 155648K, used 23544K [0x00000006c5200000, 0x00000006cea00000, 0x000000076c600000)
  object space 155648K, 15% used [0x00000006c5200000,0x00000006c68fe088,0x00000006cea00000)
 Metaspace       used 48364K, capacity 51004K, committed 51200K, reserved 1093632K
  class space    used 6358K, capacity 6883K, committed 6912K, reserved 1048576K
}
Event: 5.453 GC heap before
{Heap before GC invocations=12 (full 2):
 PSYoungGen      total 224256K, used 224239K [0x000000076c600000, 0x000000077ee80000, 0x00000007c0000000)
  eden space 209408K, 100% used [0x000000076c600000,0x0000000779280000,0x0000000779280000)
  from space 14848K, 99% used [0x0000000779280000,0x000000077a0fbd90,0x000000077a100000)
  to   space 19456K, 0% used [0x000000077db80000,0x000000077db80000,0x000000077ee80000)
 ParOldGen       total 155648K, used 23544K [0x00000006c5200000, 0x00000006cea00000, 0x000000076c600000)
  object space 155648K, 15% used [0x00000006c5200000,0x00000006c68fe088,0x00000006cea00000)
 Metaspace       used 53389K, capacity 56410K, committed 56576K, reserved 1097728K
  class space    used 7113K, capacity 7669K, committed 7680K, reserved 1048576K
Event: 5.461 GC heap after
Heap after GC invocations=12 (full 2):
 PSYoungGen      total 280576K, used 19447K [0x000000076c600000, 0x000000077f500000, 0x00000007c0000000)
  eden space 261120K, 0% used [0x000000076c600000,0x000000076c600000,0x000000077c500000)
  from space 19456K, 99% used [0x000000077db80000,0x000000077ee7dc40,0x000000077ee80000)
  to   space 23040K, 0% used [0x000000077c500000,0x000000077c500000,0x000000077db80000)
 ParOldGen       total 155648K, used 27429K [0x00000006c5200000, 0x00000006cea00000, 0x000000076c600000)
  object space 155648K, 17% used [0x00000006c5200000,0x00000006c6cc9500,0x00000006cea00000)
 Metaspace       used 53389K, capacity 56410K, committed 56576K, reserved 1097728K
  class space    used 7113K, capacity 7669K, committed 7680K, reserved 1048576K
}

