# JRE version: OpenJDK Runtime Environment Zulu13.52+15-CA (13.0.13+5) (build 13.0.13+5-MTS)
# Java VM: OpenJDK 64-Bit Server VM Zulu13.52+15-CA (13.0.13+5-MTS, mixed mode, sharing, tiered, compressed oops, g1 gc, windows-amd64)
Heap:
 garbage-first heap   total 153600K, used 56985K [0x0000000705200000, 0x0000000800000000)
  region size 1024K, 6 young (6144K), 6 survivors (6144K)
 Metaspace       used 70597K, capacity 72780K, committed 72868K, reserved 1122304K
  class space    used 9179K, capacity 10025K, committed 10112K, reserved 1048576K
GC Heap History (20 events):
Event: 6.451 GC heap before
{Heap before GC invocations=22 (full 0):
 garbage-first heap   total 158720K, used 75636K [0x0000000705200000, 0x0000000800000000)
  region size 1024K, 43 young (44032K), 8 survivors (8192K)
 Metaspace       used 58193K, capacity 59821K, committed 59940K, reserved 1101824K
  class space    used 7514K, capacity 8144K, committed 8192K, reserved 1048576K
}
Event: 6.455 GC heap after
{Heap after GC invocations=23 (full 0):
 garbage-first heap   total 190464K, used 42661K [0x0000000705200000, 0x0000000800000000)
  region size 1024K, 7 young (7168K), 7 survivors (7168K)
 Metaspace       used 58193K, capacity 59821K, committed 59940K, reserved 1101824K
  class space    used 7514K, capacity 8144K, committed 8192K, reserved 1048576K
}
Event: 8.128 GC heap before
{Heap before GC invocations=24 (full 0):
 garbage-first heap   total 153600K, used 127653K [0x0000000705200000, 0x0000000800000000)
  region size 1024K, 90 young (92160K), 7 survivors (7168K)
 Metaspace       used 61920K, capacity 63638K, committed 63780K, reserved 1103872K
  class space    used 8046K, capacity 8702K, committed 8704K, reserved 1048576K
}
Event: 8.133 GC heap after
{Heap after GC invocations=25 (full 0):
 garbage-first heap   total 153600K, used 46454K [0x0000000705200000, 0x0000000800000000)
  region size 1024K, 10 young (10240K), 10 survivors (10240K)
 Metaspace       used 61920K, capacity 63638K, committed 63780K, reserved 1103872K
  class space    used 8046K, capacity 8702K, committed 8704K, reserved 1048576K
}
Event: 8.378 GC heap before
{Heap before GC invocations=25 (full 0):
 garbage-first heap   total 153600K, used 117110K [0x0000000705200000, 0x0000000800000000)
  region size 1024K, 79 young (80896K), 10 survivors (10240K)
 Metaspace       used 63043K, capacity 64808K, committed 65060K, reserved 1105920K
  class space    used 8241K, capacity 8919K, committed 8960K, reserved 1048576K
}
Event: 8.381 GC heap after
{Heap after GC invocations=26 (full 0):
 garbage-first heap   total 153600K, used 49849K [0x0000000705200000, 0x0000000800000000)
  region size 1024K, 8 young (8192K), 8 survivors (8192K)
 Metaspace       used 63043K, capacity 64808K, committed 65060K, reserved 1105920K
  class space    used 8241K, capacity 8919K, committed 8960K, reserved 1048576K
}
Event: 8.633 GC heap before
{Heap before GC invocations=26 (full 0):
 garbage-first heap   total 153600K, used 119481K [0x0000000705200000, 0x0000000800000000)
  region size 1024K, 76 young (77824K), 8 survivors (8192K)
 Metaspace       used 64236K, capacity 66180K, committed 66340K, reserved 1105920K
  class space    used 8446K, capacity 9205K, committed 9216K, reserved 1048576K
}
Event: 8.636 GC heap after
{Heap after GC invocations=27 (full 0):
 garbage-first heap   total 153600K, used 54338K [0x0000000705200000, 0x0000000800000000)
  region size 1024K, 8 young (8192K), 8 survivors (8192K)
 Metaspace       used 64236K, capacity 66180K, committed 66340K, reserved 1105920K
  class space    used 8446K, capacity 9205K, committed 9216K, reserved 1048576K
}
Event: 17.067 GC heap before
{Heap before GC invocations=27 (full 0):
 garbage-first heap   total 153600K, used 120898K [0x0000000705200000, 0x0000000800000000)
  region size 1024K, 74 young (75776K), 8 survivors (8192K)
 Metaspace       used 65873K, capacity 68032K, committed 68260K, reserved 1107968K
  class space    used 8680K, capacity 9507K, committed 9600K, reserved 1048576K
}
Event: 17.072 GC heap after
{Heap after GC invocations=28 (full 0):
 garbage-first heap   total 153600K, used 54462K [0x0000000705200000, 0x0000000800000000)
  region size 1024K, 6 young (6144K), 6 survivors (6144K)
 Metaspace       used 65873K, capacity 68032K, committed 68260K, reserved 1107968K
  class space    used 8680K, capacity 9507K, committed 9600K, reserved 1048576K
}
Event: 49.648 GC heap before
{Heap before GC invocations=28 (full 0):
 garbage-first heap   total 153600K, used 121022K [0x0000000705200000, 0x0000000800000000)
  region size 1024K, 72 young (73728K), 6 survivors (6144K)
 Metaspace       used 70340K, capacity 72519K, committed 72740K, reserved 1112064K
  class space    used 9145K, capacity 9979K, committed 9984K, reserved 1048576K
}
Event: 49.651 GC heap after
{Heap after GC invocations=29 (full 0):
 garbage-first heap   total 153600K, used 56164K [0x0000000705200000, 0x0000000800000000)
  region size 1024K, 5 young (5120K), 5 survivors (5120K)
 Metaspace       used 70340K, capacity 72519K, committed 72740K, reserved 1112064K
  class space    used 9145K, capacity 9979K, committed 9984K, reserved 1048576K
}
Event: 86.670 GC heap before
{Heap before GC invocations=29 (full 0):
 garbage-first heap   total 153600K, used 124772K [0x0000000705200000, 0x0000000800000000)
  region size 1024K, 72 young (73728K), 5 survivors (5120K)
 Metaspace       used 70520K, capacity 72688K, committed 72868K, reserved 1112064K
  class space    used 9168K, capacity 10014K, committed 10112K, reserved 1048576K
}
Event: 86.673 GC heap after
{Heap after GC invocations=30 (full 0):
 garbage-first heap   total 153600K, used 56730K [0x0000000705200000, 0x0000000800000000)
  region size 1024K, 5 young (5120K), 5 survivors (5120K)
 Metaspace       used 70520K, capacity 72688K, committed 72868K, reserved 1112064K
  class space    used 9168K, capacity 10014K, committed 10112K, reserved 1048576K
}
Event: 126.718 GC heap before
{Heap before GC invocations=30 (full 0):
 garbage-first heap   total 153600K, used 126362K [0x0000000705200000, 0x0000000800000000)
  region size 1024K, 73 young (74752K), 5 survivors (5120K)
 Metaspace       used 70550K, capacity 72752K, committed 72868K, reserved 1112064K
  class space    used 9170K, capacity 10014K, committed 10112K, reserved 1048576K
}
Event: 126.721 GC heap after
{Heap after GC invocations=31 (full 0):
 garbage-first heap   total 153600K, used 56951K [0x0000000705200000, 0x0000000800000000)
  region size 1024K, 6 young (6144K), 6 survivors (6144K)
 Metaspace       used 70550K, capacity 72752K, committed 72868K, reserved 1112064K
  class space    used 9170K, capacity 10014K, committed 10112K, reserved 1048576K
}
Event: 169.647 GC heap before
{Heap before GC invocations=31 (full 0):
 garbage-first heap   total 153600K, used 126583K [0x0000000705200000, 0x0000000800000000)
  region size 1024K, 74 young (75776K), 6 survivors (6144K)
 Metaspace       used 70553K, capacity 72752K, committed 72868K, reserved 1112064K
  class space    used 9170K, capacity 10014K, committed 10112K, reserved 1048576K
}
Event: 169.649 GC heap after
{Heap after GC invocations=32 (full 0):
 garbage-first heap   total 153600K, used 56888K [0x0000000705200000, 0x0000000800000000)
  region size 1024K, 6 young (6144K), 6 survivors (6144K)
 Metaspace       used 70553K, capacity 72752K, committed 72868K, reserved 1112064K
  class space    used 9170K, capacity 10014K, committed 10112K, reserved 1048576K
}
Event: 172.149 GC heap before
{Heap before GC invocations=32 (full 0):
 garbage-first heap   total 153600K, used 63032K [0x0000000705200000, 0x0000000800000000)
  region size 1024K, 13 young (13312K), 6 survivors (6144K)
 Metaspace       used 70597K, capacity 72780K, committed 72868K, reserved 1120256K
  class space    used 9179K, capacity 10025K, committed 10112K, reserved 1048576K
}
Event: 172.152 GC heap after
{Heap after GC invocations=33 (full 0):
 garbage-first heap   total 153600K, used 56985K [0x0000000705200000, 0x0000000800000000)
  region size 1024K, 6 young (6144K), 6 survivors (6144K)
 Metaspace       used 70597K, capacity 72780K, committed 72868K, reserved 1120256K
  class space    used 9179K, capacity 10025K, committed 10112K, reserved 1048576K
}

