# JRE version: OpenJDK Runtime Environment Zulu13.52+15-CA (13.0.13+5) (build 13.0.13+5-MTS)
# Java VM: OpenJDK 64-Bit Server VM Zulu13.52+15-CA (13.0.13+5-MTS, mixed mode, sharing, tiered, compressed oops, g1 gc, windows-amd64)
Heap:
 garbage-first heap   total 208896K, used 51006K [0x0000000705200000, 0x0000000800000000)
  region size 1024K, 5 young (5120K), 5 survivors (5120K)
 Metaspace       used 61479K, capacity 63358K, committed 63524K, reserved 1103872K
  class space    used 8181K, capacity 8897K, committed 8960K, reserved 1048576K
GC Heap History (20 events):
Event: 3.844 GC heap after
{Heap after GC invocations=15 (full 0):
 garbage-first heap   total 48128K, used 22161K [0x0000000705200000, 0x0000000800000000)
  region size 1024K, 2 young (2048K), 2 survivors (2048K)
 Metaspace       used 33753K, capacity 34772K, committed 34864K, reserved 1079296K
  class space    used 4498K, capacity 4903K, committed 4992K, reserved 1048576K
}
Event: 3.918 GC heap before
{Heap before GC invocations=15 (full 0):
 garbage-first heap   total 48128K, used 28305K [0x0000000705200000, 0x0000000800000000)
  region size 1024K, 9 young (9216K), 2 survivors (2048K)
 Metaspace       used 34641K, capacity 35621K, committed 35708K, reserved 1079296K
  class space    used 4678K, capacity 5084K, committed 5120K, reserved 1048576K
}
Event: 3.919 GC heap after
{Heap after GC invocations=16 (full 0):
 garbage-first heap   total 48128K, used 22435K [0x0000000705200000, 0x0000000800000000)
  region size 1024K, 2 young (2048K), 2 survivors (2048K)
 Metaspace       used 34641K, capacity 35621K, committed 35708K, reserved 1079296K
  class space    used 4678K, capacity 5084K, committed 5120K, reserved 1048576K
}
Event: 3.989 GC heap before
{Heap before GC invocations=17 (full 0):
 garbage-first heap   total 48128K, used 34723K [0x0000000705200000, 0x0000000800000000)
  region size 1024K, 14 young (14336K), 2 survivors (2048K)
 Metaspace       used 34788K, capacity 35878K, committed 36092K, reserved 1081344K
  class space    used 4710K, capacity 5126K, committed 5248K, reserved 1048576K
}
Event: 3.991 GC heap after
{Heap after GC invocations=18 (full 0):
 garbage-first heap   total 153600K, used 23455K [0x0000000705200000, 0x0000000800000000)
  region size 1024K, 2 young (2048K), 2 survivors (2048K)
 Metaspace       used 34788K, capacity 35878K, committed 36092K, reserved 1081344K
  class space    used 4710K, capacity 5126K, committed 5248K, reserved 1048576K
}
Event: 4.833 GC heap before
{Heap before GC invocations=18 (full 0):
 garbage-first heap   total 153600K, used 81823K [0x0000000705200000, 0x0000000800000000)
  region size 1024K, 59 young (60416K), 2 survivors (2048K)
 Metaspace       used 37281K, capacity 38467K, committed 38780K, reserved 1083392K
  class space    used 5054K, capacity 5519K, committed 5632K, reserved 1048576K
}
Event: 4.836 GC heap after
{Heap after GC invocations=19 (full 0):
 garbage-first heap   total 153600K, used 26851K [0x0000000705200000, 0x0000000800000000)
  region size 1024K, 5 young (5120K), 5 survivors (5120K)
 Metaspace       used 37281K, capacity 38467K, committed 38780K, reserved 1083392K
  class space    used 5054K, capacity 5519K, committed 5632K, reserved 1048576K
}
Event: 5.219 GC heap before
{Heap before GC invocations=19 (full 0):
 garbage-first heap   total 153600K, used 89315K [0x0000000705200000, 0x0000000800000000)
  region size 1024K, 66 young (67584K), 5 survivors (5120K)
 Metaspace       used 40524K, capacity 41819K, committed 41980K, reserved 1085440K
  class space    used 5446K, capacity 5962K, committed 6016K, reserved 1048576K
}
Event: 5.222 GC heap after
{Heap after GC invocations=20 (full 0):
 garbage-first heap   total 153600K, used 29211K [0x0000000705200000, 0x0000000800000000)
  region size 1024K, 7 young (7168K), 7 survivors (7168K)
 Metaspace       used 40524K, capacity 41819K, committed 41980K, reserved 1085440K
  class space    used 5446K, capacity 5962K, committed 6016K, reserved 1048576K
}
Event: 5.632 GC heap before
{Heap before GC invocations=20 (full 0):
 garbage-first heap   total 153600K, used 94747K [0x0000000705200000, 0x0000000800000000)
  region size 1024K, 71 young (72704K), 7 survivors (7168K)
 Metaspace       used 46271K, capacity 47768K, committed 47996K, reserved 1091584K
  class space    used 6227K, capacity 6802K, committed 6912K, reserved 1048576K
}
Event: 5.635 GC heap after
{Heap after GC invocations=21 (full 0):
 garbage-first heap   total 153600K, used 33503K [0x0000000705200000, 0x0000000800000000)
  region size 1024K, 7 young (7168K), 7 survivors (7168K)
 Metaspace       used 46271K, capacity 47768K, committed 47996K, reserved 1091584K
  class space    used 6227K, capacity 6802K, committed 6912K, reserved 1048576K
}
Event: 5.931 GC heap before
{Heap before GC invocations=21 (full 0):
 garbage-first heap   total 153600K, used 100063K [0x0000000705200000, 0x0000000800000000)
  region size 1024K, 72 young (73728K), 7 survivors (7168K)
 Metaspace       used 48724K, capacity 50282K, committed 50428K, reserved 1093632K
  class space    used 6578K, capacity 7193K, committed 7296K, reserved 1048576K
}
Event: 5.934 GC heap after
{Heap after GC invocations=22 (full 0):
 garbage-first heap   total 184320K, used 37397K [0x0000000705200000, 0x0000000800000000)
  region size 1024K, 8 young (8192K), 8 survivors (8192K)
 Metaspace       used 48724K, capacity 50282K, committed 50428K, reserved 1093632K
  class space    used 6578K, capacity 7193K, committed 7296K, reserved 1048576K
}
Event: 6.356 GC heap before
{Heap before GC invocations=22 (full 0):
 garbage-first heap   total 184320K, used 119317K [0x0000000705200000, 0x0000000800000000)
  region size 1024K, 88 young (90112K), 8 survivors (8192K)
 Metaspace       used 53935K, capacity 55514K, committed 55804K, reserved 1097728K
  class space    used 7150K, capacity 7742K, committed 7808K, reserved 1048576K
}
Event: 6.359 GC heap after
{Heap after GC invocations=23 (full 0):
 garbage-first heap   total 184320K, used 42419K [0x0000000705200000, 0x0000000800000000)
  region size 1024K, 9 young (9216K), 9 survivors (9216K)
 Metaspace       used 53935K, capacity 55514K, committed 55804K, reserved 1097728K
  class space    used 7150K, capacity 7742K, committed 7808K, reserved 1048576K
}
Event: 6.691 GC heap before
{Heap before GC invocations=23 (full 0):
 garbage-first heap   total 184320K, used 126387K [0x0000000705200000, 0x0000000800000000)
  region size 1024K, 91 young (93184K), 9 survivors (9216K)
 Metaspace       used 55781K, capacity 57519K, committed 57724K, reserved 1099776K
  class space    used 7435K, capacity 8090K, committed 8192K, reserved 1048576K
}
Event: 6.695 GC heap after
{Heap after GC invocations=24 (full 0):
 garbage-first heap   total 184320K, used 47281K [0x0000000705200000, 0x0000000800000000)
  region size 1024K, 10 young (10240K), 10 survivors (10240K)
 Metaspace       used 55781K, capacity 57519K, committed 57724K, reserved 1099776K
  class space    used 7435K, capacity 8090K, committed 8192K, reserved 1048576K
}
Event: 6.875 GC heap before
{Heap before GC invocations=24 (full 0):
 garbage-first heap   total 184320K, used 82097K [0x0000000705200000, 0x0000000800000000)
  region size 1024K, 45 young (46080K), 10 survivors (10240K)
 Metaspace       used 58098K, capacity 59816K, committed 59940K, reserved 1101824K
  class space    used 7696K, capacity 8382K, committed 8448K, reserved 1048576K
}
Event: 6.880 GC heap after
{Heap after GC invocations=25 (full 0):
 garbage-first heap   total 184320K, used 49302K [0x0000000705200000, 0x0000000800000000)
  region size 1024K, 7 young (7168K), 7 survivors (7168K)
 Metaspace       used 58098K, capacity 59816K, committed 59940K, reserved 1101824K
  class space    used 7696K, capacity 8382K, committed 8448K, reserved 1048576K
}
Event: 10.471 GC heap before
{Heap before GC invocations=26 (full 0):
 garbage-first heap   total 174080K, used 129174K [0x0000000705200000, 0x0000000800000000)
  region size 1024K, 86 young (88064K), 7 survivors (7168K)
 Metaspace       used 61479K, capacity 63358K, committed 63524K, reserved 1103872K
  class space    used 8181K, capacity 8897K, committed 8960K, reserved 1048576K
}

